<?xml version="1.0" encoding="UTF-8"?>
<!-- Generated by org.testng.reporters.JUnitXMLReporter -->
<testsuite ignored="0" hostname="LAPTOP-MK7OB2GD" failures="0" tests="5" name="Default test" time="46.088" errors="0" timestamp="2021-04-05T03:47:57 IST">
  <testcase classname="com.demoshop24.test.CartItemTest" name="verifyAddToCart" time="3.855"/>
  <testcase classname="com.demoshop24.test.CartItemTest" name="verifyCartTotalQuantity" time="3.692"/>
  <testcase classname="com.demoshop24.test.CartItemTest" name="verifyProductSearchDetailsPage" time="2.605"/>
  <testcase classname="com.demoshop24.test.CartItemTest" name="verifyRemoveCart" time="4.238"/>
  <testcase classname="com.demoshop24.test.CartItemTest" name="verifyViewPageCartTitle" time="3.624"/>
</testsuite> <!-- Default test -->
